<?xml version="1.0" encoding="UTF-8"?>
<testsuite xmlns:xsi="http://www.w3.org/2001/XMLSchema-instance" xsi:noNamespaceSchemaLocation="https://maven.apache.org/surefire/maven-surefire-plugin/xsd/surefire-test-report.xsd" name="com.ssm.unitTest.TestMyBatis" time="14.387" tests="1" errors="0" skipped="0" failures="0">
  <properties>
    <property name="sun.desktop" value="windows"/>
    <property name="awt.toolkit" value="sun.awt.windows.WToolkit"/>
    <property name="file.encoding.pkg" value="sun.io"/>
    <property name="java.specification.version" value="1.8"/>
    <property name="sun.cpu.isalist" value="amd64"/>
    <property name="sun.jnu.encoding" value="GBK"/>
    <property name="java.class.path" value="F:\maven-ssm\target\test-classes;F:\maven-ssm\target\classes;E:\PIMRepo\junit\junit\4.11\junit-4.11.jar;E:\PIMRepo\org\hamcrest\hamcrest-core\1.3\hamcrest-core-1.3.jar;E:\PIMRepo\javax\servlet\servlet-api\2.5\servlet-api-2.5.jar;E:\PIMRepo\javax\servlet\jsp-api\2.0\jsp-api-2.0.jar;E:\PIMRepo\org\springframework\spring-core\4.0.2.RELEASE\spring-core-4.0.2.RELEASE.jar;E:\PIMRepo\commons-logging\commons-logging\1.1.3\commons-logging-1.1.3.jar;E:\PIMRepo\org\springframework\spring-web\4.0.2.RELEASE\spring-web-4.0.2.RELEASE.jar;E:\PIMRepo\org\springframework\spring-beans\4.0.2.RELEASE\spring-beans-4.0.2.RELEASE.jar;E:\PIMRepo\org\springframework\spring-context\4.0.2.RELEASE\spring-context-4.0.2.RELEASE.jar;E:\PIMRepo\org\springframework\spring-oxm\4.0.2.RELEASE\spring-oxm-4.0.2.RELEASE.jar;E:\PIMRepo\org\springframework\spring-tx\4.0.2.RELEASE\spring-tx-4.0.2.RELEASE.jar;E:\PIMRepo\org\springframework\spring-jdbc\4.0.2.RELEASE\spring-jdbc-4.0.2.RELEASE.jar;E:\PIMRepo\org\springframework\spring-webmvc\4.0.2.RELEASE\spring-webmvc-4.0.2.RELEASE.jar;E:\PIMRepo\org\springframework\spring-expression\4.0.2.RELEASE\spring-expression-4.0.2.RELEASE.jar;E:\PIMRepo\org\springframework\spring-aop\4.0.2.RELEASE\spring-aop-4.0.2.RELEASE.jar;E:\PIMRepo\aopalliance\aopalliance\1.0\aopalliance-1.0.jar;E:\PIMRepo\org\springframework\spring-context-support\4.0.2.RELEASE\spring-context-support-4.0.2.RELEASE.jar;E:\PIMRepo\org\springframework\spring-test\4.0.2.RELEASE\spring-test-4.0.2.RELEASE.jar;E:\PIMRepo\org\aspectj\aspectjrt\1.8.9\aspectjrt-1.8.9.jar;E:\PIMRepo\org\aspectj\aspectjweaver\1.8.9\aspectjweaver-1.8.9.jar;E:\PIMRepo\org\mybatis\mybatis\3.2.6\mybatis-3.2.6.jar;E:\PIMRepo\org\mybatis\mybatis-spring\1.2.2\mybatis-spring-1.2.2.jar;E:\PIMRepo\mysql\mysql-connector-java\5.1.36\mysql-connector-java-5.1.36.jar;E:\PIMRepo\commons-dbcp\commons-dbcp\1.2.2\commons-dbcp-1.2.2.jar;E:\PIMRepo\commons-pool\commons-pool\1.3\commons-pool-1.3.jar;E:\PIMRepo\jstl\jstl\1.2\jstl-1.2.jar;E:\PIMRepo\log4j\log4j\1.2.17\log4j-1.2.17.jar;E:\PIMRepo\com\alibaba\fastjson\1.1.41\fastjson-1.1.41.jar;E:\PIMRepo\org\slf4j\slf4j-api\1.7.7\slf4j-api-1.7.7.jar;E:\PIMRepo\org\slf4j\slf4j-log4j12\1.7.7\slf4j-log4j12-1.7.7.jar;E:\PIMRepo\org\codehaus\jackson\jackson-mapper-asl\1.9.13\jackson-mapper-asl-1.9.13.jar;E:\PIMRepo\org\codehaus\jackson\jackson-core-asl\1.9.13\jackson-core-asl-1.9.13.jar;E:\PIMRepo\org\hibernate\hibernate-validator\5.4.1.Final\hibernate-validator-5.4.1.Final.jar;E:\PIMRepo\org\jboss\logging\jboss-logging\3.3.0.Final\jboss-logging-3.3.0.Final.jar;E:\PIMRepo\com\fasterxml\classmate\1.3.1\classmate-1.3.1.jar;E:\PIMRepo\javax\validation\validation-api\2.0.1.Final\validation-api-2.0.1.Final.jar;E:\PIMRepo\javax\el\javax.el-api\2.2.4\javax.el-api-2.2.4.jar;E:\PIMRepo\org\glassfish\web\javax.el\2.2.4\javax.el-2.2.4.jar;E:\PIMRepo\commons-fileupload\commons-fileupload\1.3.1\commons-fileupload-1.3.1.jar;E:\PIMRepo\commons-io\commons-io\2.4\commons-io-2.4.jar;E:\PIMRepo\commons-codec\commons-codec\1.9\commons-codec-1.9.jar;"/>
    <property name="java.vm.vendor" value="Oracle Corporation"/>
    <property name="sun.arch.data.model" value="64"/>
    <property name="user.variant" value=""/>
    <property name="java.vendor.url" value="http://java.oracle.com/"/>
    <property name="user.timezone" value=""/>
    <property name="java.vm.specification.version" value="1.8"/>
    <property name="os.name" value="Windows 10"/>
    <property name="user.country" value="CN"/>
    <property name="sun.java.launcher" value="SUN_STANDARD"/>
    <property name="sun.boot.library.path" value="D:\jdk1.8.0_112\jre\bin"/>
    <property name="sun.java.command" value="C:\Users\gebp\AppData\Local\Temp\surefire7243164374313279584\surefirebooter912382828488139356.jar C:\Users\gebp\AppData\Local\Temp\surefire7243164374313279584 2018-12-21T14-58-49_166-jvmRun1 surefire5060583209220642637tmp surefire_06590242769189602659tmp"/>
    <property name="surefire.test.class.path" value="F:\maven-ssm\target\test-classes;F:\maven-ssm\target\classes;E:\PIMRepo\junit\junit\4.11\junit-4.11.jar;E:\PIMRepo\org\hamcrest\hamcrest-core\1.3\hamcrest-core-1.3.jar;E:\PIMRepo\javax\servlet\servlet-api\2.5\servlet-api-2.5.jar;E:\PIMRepo\javax\servlet\jsp-api\2.0\jsp-api-2.0.jar;E:\PIMRepo\org\springframework\spring-core\4.0.2.RELEASE\spring-core-4.0.2.RELEASE.jar;E:\PIMRepo\commons-logging\commons-logging\1.1.3\commons-logging-1.1.3.jar;E:\PIMRepo\org\springframework\spring-web\4.0.2.RELEASE\spring-web-4.0.2.RELEASE.jar;E:\PIMRepo\org\springframework\spring-beans\4.0.2.RELEASE\spring-beans-4.0.2.RELEASE.jar;E:\PIMRepo\org\springframework\spring-context\4.0.2.RELEASE\spring-context-4.0.2.RELEASE.jar;E:\PIMRepo\org\springframework\spring-oxm\4.0.2.RELEASE\spring-oxm-4.0.2.RELEASE.jar;E:\PIMRepo\org\springframework\spring-tx\4.0.2.RELEASE\spring-tx-4.0.2.RELEASE.jar;E:\PIMRepo\org\springframework\spring-jdbc\4.0.2.RELEASE\spring-jdbc-4.0.2.RELEASE.jar;E:\PIMRepo\org\springframework\spring-webmvc\4.0.2.RELEASE\spring-webmvc-4.0.2.RELEASE.jar;E:\PIMRepo\org\springframework\spring-expression\4.0.2.RELEASE\spring-expression-4.0.2.RELEASE.jar;E:\PIMRepo\org\springframework\spring-aop\4.0.2.RELEASE\spring-aop-4.0.2.RELEASE.jar;E:\PIMRepo\aopalliance\aopalliance\1.0\aopalliance-1.0.jar;E:\PIMRepo\org\springframework\spring-context-support\4.0.2.RELEASE\spring-context-support-4.0.2.RELEASE.jar;E:\PIMRepo\org\springframework\spring-test\4.0.2.RELEASE\spring-test-4.0.2.RELEASE.jar;E:\PIMRepo\org\aspectj\aspectjrt\1.8.9\aspectjrt-1.8.9.jar;E:\PIMRepo\org\aspectj\aspectjweaver\1.8.9\aspectjweaver-1.8.9.jar;E:\PIMRepo\org\mybatis\mybatis\3.2.6\mybatis-3.2.6.jar;E:\PIMRepo\org\mybatis\mybatis-spring\1.2.2\mybatis-spring-1.2.2.jar;E:\PIMRepo\mysql\mysql-connector-java\5.1.36\mysql-connector-java-5.1.36.jar;E:\PIMRepo\commons-dbcp\commons-dbcp\1.2.2\commons-dbcp-1.2.2.jar;E:\PIMRepo\commons-pool\commons-pool\1.3\commons-pool-1.3.jar;E:\PIMRepo\jstl\jstl\1.2\jstl-1.2.jar;E:\PIMRepo\log4j\log4j\1.2.17\log4j-1.2.17.jar;E:\PIMRepo\com\alibaba\fastjson\1.1.41\fastjson-1.1.41.jar;E:\PIMRepo\org\slf4j\slf4j-api\1.7.7\slf4j-api-1.7.7.jar;E:\PIMRepo\org\slf4j\slf4j-log4j12\1.7.7\slf4j-log4j12-1.7.7.jar;E:\PIMRepo\org\codehaus\jackson\jackson-mapper-asl\1.9.13\jackson-mapper-asl-1.9.13.jar;E:\PIMRepo\org\codehaus\jackson\jackson-core-asl\1.9.13\jackson-core-asl-1.9.13.jar;E:\PIMRepo\org\hibernate\hibernate-validator\5.4.1.Final\hibernate-validator-5.4.1.Final.jar;E:\PIMRepo\org\jboss\logging\jboss-logging\3.3.0.Final\jboss-logging-3.3.0.Final.jar;E:\PIMRepo\com\fasterxml\classmate\1.3.1\classmate-1.3.1.jar;E:\PIMRepo\javax\validation\validation-api\2.0.1.Final\validation-api-2.0.1.Final.jar;E:\PIMRepo\javax\el\javax.el-api\2.2.4\javax.el-api-2.2.4.jar;E:\PIMRepo\org\glassfish\web\javax.el\2.2.4\javax.el-2.2.4.jar;E:\PIMRepo\commons-fileupload\commons-fileupload\1.3.1\commons-fileupload-1.3.1.jar;E:\PIMRepo\commons-io\commons-io\2.4\commons-io-2.4.jar;E:\PIMRepo\commons-codec\commons-codec\1.9\commons-codec-1.9.jar;"/>
    <property name="sun.cpu.endian" value="little"/>
    <property name="user.home" value="C:\Users\gebp"/>
    <property name="user.language" value="zh"/>
    <property name="java.specification.vendor" value="Oracle Corporation"/>
    <property name="java.home" value="D:\jdk1.8.0_112\jre"/>
    <property name="basedir" value="F:\maven-ssm"/>
    <property name="file.separator" value="\"/>
    <property name="line.separator" value="&#10;"/>
    <property name="java.vm.specification.vendor" value="Oracle Corporation"/>
    <property name="java.specification.name" value="Java Platform API Specification"/>
    <property name="java.awt.graphicsenv" value="sun.awt.Win32GraphicsEnvironment"/>
    <property name="surefire.real.class.path" value="C:\Users\gebp\AppData\Local\Temp\surefire7243164374313279584\surefirebooter912382828488139356.jar"/>
    <property name="sun.boot.class.path" value="D:\jdk1.8.0_112\jre\lib\resources.jar;D:\jdk1.8.0_112\jre\lib\rt.jar;D:\jdk1.8.0_112\jre\lib\sunrsasign.jar;D:\jdk1.8.0_112\jre\lib\jsse.jar;D:\jdk1.8.0_112\jre\lib\jce.jar;D:\jdk1.8.0_112\jre\lib\charsets.jar;D:\jdk1.8.0_112\jre\lib\jfr.jar;D:\jdk1.8.0_112\jre\classes"/>
    <property name="user.script" value=""/>
    <property name="sun.management.compiler" value="HotSpot 64-Bit Tiered Compilers"/>
    <property name="java.runtime.version" value="1.8.0_112-b15"/>
    <property name="user.name" value="gebp"/>
    <property name="path.separator" value=";"/>
    <property name="os.version" value="10.0"/>
    <property name="java.endorsed.dirs" value="D:\jdk1.8.0_112\jre\lib\endorsed"/>
    <property name="java.runtime.name" value="Java(TM) SE Runtime Environment"/>
    <property name="file.encoding" value="GBK"/>
    <property name="java.vm.name" value="Java HotSpot(TM) 64-Bit Server VM"/>
    <property name="localRepository" value="E:\PIMRepo"/>
    <property name="java.vendor.url.bug" value="http://bugreport.sun.com/bugreport/"/>
    <property name="java.io.tmpdir" value="C:\Users\gebp\AppData\Local\Temp\"/>
    <property name="idea.version" value="2018.2.5"/>
    <property name="java.version" value="1.8.0_112"/>
    <property name="user.dir" value="F:\maven-ssm"/>
    <property name="os.arch" value="amd64"/>
    <property name="java.vm.specification.name" value="Java Virtual Machine Specification"/>
    <property name="java.awt.printerjob" value="sun.awt.windows.WPrinterJob"/>
    <property name="sun.os.patch.level" value=""/>
    <property name="java.library.path" value="D:\jdk1.8.0_112\jre\bin;C:\windows\Sun\Java\bin;C:\windows\system32;C:\windows;D:\Oracle\product\11.2.0\dbhome_1\bin;C:\windows\system32;C:\windows;C:\windows\System32\Wbem;C:\windows\System32\WindowsPowerShell\v1.0;D:\jdk1.8.0_112\bin;D:\apache-maven-3.3.9\bin;D:\Git\Git\cmd;D:\python;C:\Program Files (x86)\Common Files\Adobe\AGL;E:\mysql\mysql-5.7.21-winx64\bin;E:\svn\bin;D:\Rose\common;D:\nodejs\;D:\nodejs\node_global\node_modules;D:\mongodb\bin;C:\Users\gebp\AppData\Local\Microsoft\WindowsApps;D:\nodejs\node_global;."/>
    <property name="java.vm.info" value="mixed mode"/>
    <property name="java.vendor" value="Oracle Corporation"/>
    <property name="java.vm.version" value="25.112-b15"/>
    <property name="java.ext.dirs" value="D:\jdk1.8.0_112\jre\lib\ext;C:\windows\Sun\Java\lib\ext"/>
    <property name="sun.io.unicode.encoding" value="UnicodeLittle"/>
    <property name="maven.repo.local" value="E:\PIMRepo"/>
    <property name="java.class.version" value="52.0"/>
  </properties>
  <testcase name="test1" classname="com.ssm.unitTest.TestMyBatis" time="13.295"/>
</testsuite>